<?xml version="1.0" encoding="UTF-8"?>
<!-- Generated by org.testng.reporters.JUnitReportReporter -->
<testsuite hostname="DESKTOP-5EVK54D" failures="0" tests="3" name="runner.CampaignRunner" time="0.484" errors="0" timestamp="2024-05-24T20:13:30 IST" skipped="0">
  <testcase classname="runner.CampaignRunner" name="runScenario" time="0.071"/>
  <system-out/>
  <testcase classname="runner.CampaignRunner" name="runScenario" time="0.332"/>
  <system-out/>
  <testcase classname="runner.CampaignRunner" name="runScenario" time="0.081"/>
  <system-out/>
</testsuite> <!-- runner.CampaignRunner -->
