<?xml version="1.0" encoding="UTF-8"?>
<!-- Generated by org.testng.reporters.JUnitReportReporter -->
<testsuite hostname="DESKTOP-5EVK54D" failures="0" tests="1" name="uiappfeature.AmazonFailedTestRunner" time="15.472" errors="0" timestamp="2024-05-31T21:15:07 IST" skipped="0">
  <testcase classname="uiappfeature.AmazonFailedTestRunner" name="runScenario" time="15.472"/>
  <system-out/>
</testsuite> <!-- uiappfeature.AmazonFailedTestRunner -->
