<?xml version="1.0" encoding="UTF-8"?>
<!-- Generated by org.testng.reporters.JUnitReportReporter -->
<testsuite hostname="DESKTOP-5EVK54D" failures="0" tests="1" name="runner.OrderConfirmRunner" time="0.602" errors="0" timestamp="2024-05-27T21:02:14 IST" skipped="0">
  <testcase classname="runner.OrderConfirmRunner" name="runScenario" time="0.602"/>
  <system-out/>
</testsuite> <!-- runner.OrderConfirmRunner -->
