<?xml version="1.0" encoding="UTF-8"?>
<!-- Generated by org.testng.reporters.JUnitReportReporter -->
<testsuite hostname="DESKTOP-5EVK54D" failures="0" tests="1" name="runner.RegistrationRunner2" time="0.668" errors="0" timestamp="2024-05-21T21:27:39 IST" skipped="0">
  <testcase classname="runner.RegistrationRunner2" name="runScenario" time="0.668"/>
  <system-out/>
</testsuite> <!-- runner.RegistrationRunner2 -->
