<?xml version="1.0" encoding="UTF-8"?>
<!-- Generated by org.testng.reporters.JUnitReportReporter -->
<testsuite hostname="DESKTOP-5EVK54D" failures="0" tests="1" name="runner.RegistrationRunner" time="0.338" errors="0" timestamp="2024-05-16T20:12:07 IST" skipped="0">
  <testcase classname="runner.RegistrationRunner" name="runScenario" time="0.338"/>
  <system-out/>
</testsuite> <!-- runner.RegistrationRunner -->
