<?xml version="1.0" encoding="UTF-8"?>
<!-- Generated by org.testng.reporters.JUnitReportReporter -->
<testsuite hostname="DESKTOP-5EVK54D" failures="0" tests="3" name="runner.OrderRunner" time="0.499" errors="0" timestamp="2024-05-23T21:13:19 IST" skipped="0">
  <testcase classname="runner.OrderRunner" name="runScenario" time="0.356"/>
  <system-out/>
  <testcase classname="runner.OrderRunner" name="runScenario" time="0.065"/>
  <system-out/>
  <testcase classname="runner.OrderRunner" name="runScenario" time="0.078"/>
  <system-out/>
</testsuite> <!-- runner.OrderRunner -->
