<?xml version="1.0" encoding="UTF-8"?>
<!-- Generated by org.testng.reporters.JUnitReportReporter -->
<testsuite hostname="DESKTOP-5EVK54D" failures="0" tests="3" name="runner.OrderRunner" time="0.452" errors="0" timestamp="2024-05-17T21:02:40 IST" skipped="0">
  <testcase classname="runner.OrderRunner" name="runScenario" time="0.052"/>
  <system-out/>
  <testcase classname="runner.OrderRunner" name="runScenario" time="0.033"/>
  <system-out/>
  <testcase classname="runner.OrderRunner" name="runScenario" time="0.367"/>
  <system-out/>
</testsuite> <!-- runner.OrderRunner -->
