<?xml version="1.0" encoding="UTF-8"?>
<!-- Generated by org.testng.reporters.JUnitReportReporter -->
<testsuite hostname="DESKTOP-5EVK54D" failures="0" tests="3" name="runner.ProfileRunner" time="0.724" errors="0" timestamp="2024-05-24T21:24:45 IST" skipped="0">
  <testcase classname="runner.ProfileRunner" name="runScenario" time="0.552"/>
  <system-out/>
  <testcase classname="runner.ProfileRunner" name="runScenario" time="0.054"/>
  <system-out/>
  <testcase classname="runner.ProfileRunner" name="runScenario" time="0.118"/>
  <system-out/>
</testsuite> <!-- runner.ProfileRunner -->
