<?xml version="1.0" encoding="UTF-8"?>
<!-- Generated by org.testng.reporters.JUnitReportReporter -->
<testsuite hostname="DESKTOP-5EVK54D" failures="0" tests="2" name="runner.LoginRunner" time="0.395" errors="0" timestamp="2024-05-15T21:01:22 IST" skipped="0">
  <testcase classname="runner.LoginRunner" name="runScenario" time="0.022"/>
  <system-out/>
  <testcase classname="runner.LoginRunner" name="runScenario" time="0.373"/>
  <system-out/>
</testsuite> <!-- runner.LoginRunner -->
