<?xml version="1.0" encoding="UTF-8"?>
<!-- Generated by org.testng.reporters.JUnitReportReporter -->
<testsuite hostname="DESKTOP-5EVK54D" failures="0" tests="3" name="runner.CampaignRunner" time="0.538" errors="0" timestamp="2024-05-23T21:16:10 IST" skipped="0">
  <testcase classname="runner.CampaignRunner" name="runScenario" time="0.082"/>
  <system-out/>
  <testcase classname="runner.CampaignRunner" name="runScenario" time="0.403"/>
  <system-out/>
  <testcase classname="runner.CampaignRunner" name="runScenario" time="0.053"/>
  <system-out/>
</testsuite> <!-- runner.CampaignRunner -->
