<?xml version="1.0" encoding="UTF-8"?>
<!-- Generated by org.testng.reporters.JUnitReportReporter -->
<testsuite hostname="DESKTOP-5EVK54D" failures="0" tests="2" name="uiappfeature.AmazonTestRunner" time="0.496" errors="0" timestamp="2024-05-31T20:55:10 IST" skipped="0">
  <testcase classname="uiappfeature.AmazonTestRunner" name="runScenario" time="0.441"/>
  <system-out/>
  <testcase classname="uiappfeature.AmazonTestRunner" name="runScenario" time="0.055"/>
  <system-out/>
</testsuite> <!-- uiappfeature.AmazonTestRunner -->
